21:34:08.047 | V |                      | ArgumentsFromParametersFile.OnBuildCreated (150)
21:34:08.061 | V |                      | HandleReSharperSurrogateArguments.OnBuildCreated (150)
21:34:08.062 | V |                      | InjectParameterValues.OnBuildCreated (100)
21:34:08.078 | V |                      | HandleShellCompletion.OnBuildCreated (75)
21:34:08.349 | V |                      | GenerateBuildServerConfigurations.OnBuildCreated (50)
21:34:08.350 | V |                      | InvokeBuildServerConfigurationGeneration.OnBuildCreated (45)
21:34:08.360 | V |                      | UpdateNotification.OnBuildCreated (10)
21:34:08.360 | V |                      | UnsetVisualStudioEnvironmentVariables.OnBuildCreated (0)
21:34:08.360 | V |                      | HandleVisualStudioDebugging.OnBuildCreated (0)
21:34:08.362 | V |                      | EventInvoker.OnBuildCreated (-3.4028235E+38)
21:34:08.381 | V |                      | HandlePlanRequests.OnBuildInitialized (10)
21:34:08.381 | V |                      | HandleHelpRequests.OnBuildInitialized (5)
21:34:08.382 | V |                      | Telemetry.OnBuildInitialized (0)
21:34:08.871 | V |                      | Sending BuildStarted telemetry event ...
21:34:08.872 | V |                      |   build_components         =
21:34:08.872 | V |                      |   build_type               = Project
21:34:08.872 | V |                      |   compile_time             = <null>
21:34:08.872 | V |                      |   config_generators        =
21:34:08.872 | V |                      |   host                     = VSCode
21:34:08.872 | V |                      |   num_custom_components    = 1
21:34:08.873 | V |                      |   num_custom_extensions    = 0
21:34:08.873 | V |                      |   num_partitioned_targets  = 0
21:34:08.873 | V |                      |   num_secrets              = 0
21:34:08.873 | V |                      |   num_targets              = 7
21:34:08.873 | V |                      |   os_architecture          = X64
21:34:08.873 | V |                      |   os_platform              = Windows
21:34:08.873 | V |                      |   repo_branch              = main
21:34:08.873 | V |                      |   repo_commit              = c3358e
21:34:08.873 | V |                      |   repo_provider            = GitHub
21:34:08.873 | V |                      |   repo_url                 = 4e9f76
21:34:08.873 | V |                      |   target_framework         = .NETCoreApp,Version=v8.0
21:34:08.873 | V |                      |   version_dotnet_sdk       = 9.0.111
21:34:08.873 | V |                      |   version_nuke_common      = 9.0.4
21:34:08.873 | V |                      |   version_nuke_global_tool = <null>
21:34:09.619 | V |                      | InjectNonParameterValues.OnBuildInitialized (-100)
21:34:09.620 | V |                      | EventInvoker.OnBuildInitialized (-3.4028235E+38)
21:34:09.626 | V | BuildUnity           | EventInvoker.OnTargetRunning (-3.4028235E+38)
21:34:09.629 | I | BuildUnity           | Building Unity project at: D:\lunar-snake\constract-work\card-projects\sango-card\projects\client
21:34:09.634 | I | BuildUnity           | Target platform: StandaloneWindows64
21:34:09.634 | I | BuildUnity           | Output path: D:\lunar-snake\constract-work\card-projects\sango-card\build\nuke\output
21:34:09.635 | I | BuildUnity           | Build version: 1.0.0
21:34:09.635 | I | BuildUnity           | Build profile: Windows
21:34:09.636 | I | BuildUnity           | Build purpose: UnityPlayer
21:34:09.638 | I | BuildUnity           | > "C:\\Program Files\\Unity\\Hub\\Editor\\2022.3.7f1\\Editor\\Unity.exe" -quit -batchmode -nographics -projectPath "D:\lunar-snake\constract-work\card-projects\sango-card\projects\client" -buildTarget StandaloneWindows64 -executeMethod SangoCard.Build.Editor.BuildEntry.PerformBuild --buildPurpose UnityPlayer --buildVersion 1.0.0 --buildProfileName Windows --outputPath "D:\lunar-snake\constract-work\card-projects\sango-card\build\nuke\output" -logFile "D:\lunar-snake\constract-work\card-projects\sango-card\build\nuke\output\unity-build.log"
21:34:09.639 | I | BuildUnity           | @ D:\lunar-snake\constract-work\card-projects\sango-card\projects\client
21:34:14.294 | D | BuildUnity           |
21:34:14.294 | D | BuildUnity           | Aborting batchmode due to failure:
21:34:14.295 | D | BuildUnity           | Scripts have compiler errors.
21:34:14.295 | D | BuildUnity           |
21:34:14.346 | E | BuildUnity           | Target BuildUnity has thrown an exception
Nuke.Common.Tooling.ProcessException: Process 'Unity.exe' exited with code 1.
   > "C:\\Program Files\\Unity\\Hub\\Editor\\2022.3.7f1\\Editor\\Unity.exe" -quit -batchmode -nographics -projectPath "D:\lunar-snake\constract-work\card-projects\sango-card\projects\client" -buildTarget StandaloneWindows64 -executeMethod SangoCard.Build.Editor.BuildEntry.PerformBuild --buildPurpose UnityPlayer --buildVersion 1.0.0 --buildProfileName Windows --outputPath "D:\lunar-snake\constract-work\card-projects\sango-card\build\nuke\output" -logFile "D:\lunar-snake\constract-work\card-projects\sango-card\build\nuke\output\unity-build.log"
   @ D:\lunar-snake\constract-work\card-projects\sango-card\projects\client
Standard output:

   Aborting batchmode due to failure:
   Scripts have compiler errors.


   at Nuke.Common.Tooling.ProcessExtensions.AssertZeroExitCode(IProcess process) in /_/source/Nuke.Tooling/ProcessExtensions.cs:line 38
   at IUnityBuild.<get_BuildUnity>b__17_1() in D:\lunar-snake\constract-work\card-projects\sango-card\build\nuke\build\Components\IUnityBuild.cs:line 100
   at Nuke.Common.Execution.BuildExecutor.<>c.<Execute>b__4_2(Action x) in /_/source/Nuke.Build/Execution/BuildExecutor.cs:line 120
   at System.Collections.Generic.List`1.ForEach(Action`1 action)
   at Nuke.Common.Execution.BuildExecutor.Execute(NukeBuild build, ExecutableTarget target, IReadOnlyCollection`1 previouslyExecutedTargets, Boolean failureMode) in /_/source/Nuke.Build/Execution/BuildExecutor.cs:line 120
21:34:14.353 | V | BuildUnity           | EventInvoker.OnTargetFailed (-3.4028235E+38)
